<?xml version="1.0" encoding="UTF-8"?>
<!-- Generated by org.testng.reporters.JUnitXMLReporter -->
<testsuite ignored="2" hostname="DESKTOP-6O4J587" failures="0" tests="1" name="Default test" time="12.577" errors="0" timestamp="2023-12-26T18:27:38 EST">
  <testcase classname="testCases.frameworkTests.Merfu_TestCases" name="TC02_ValidateAddToCartFunctionality" time="1.626"/>
  <testcase classname="testCases.frameworkTests.Merfu_TestCases" name="TC03_ValidateUpdateQuantityFunctionality" time="0.0">
    <ignored/>
  </testcase> <!-- TC03_ValidateUpdateQuantityFunctionality -->
  <testcase classname="testCases.frameworkTests.Merfu_TestCases" name="TC01_VerifyShoppingCartIcon" time="0.0">
    <ignored/>
  </testcase> <!-- TC01_VerifyShoppingCartIcon -->
</testsuite> <!-- Default test -->
