<?xml version="1.0" encoding="UTF-8"?>
<testng-results ignored="0" total="2" passed="2" failed="0" skipped="0">
  <reporter-output>
  </reporter-output>
  <suite started-at="2023-12-19T13:47:20 EST" name="Default suite" finished-at="2023-12-19T13:47:31 EST" duration-ms="11181">
    <groups>
    </groups>
    <test started-at="2023-12-19T13:47:20 EST" name="Default test" finished-at="2023-12-19T13:47:31 EST" duration-ms="11181">
      <class name="testCases.test1">
        <test-method is-config="true" signature="getDriver()[pri:0, instance:testCases.test1@4cbd03e7]" started-at="2023-12-19T13:47:20 EST" name="getDriver" finished-at="2023-12-19T13:47:20 EST" duration-ms="11" status="PASS">
          <reporter-output>
          </reporter-output>
        </test-method> <!-- getDriver -->
        <test-method is-config="true" signature="login()[pri:0, instance:testCases.test1@4cbd03e7]" started-at="2023-12-19T13:47:20 EST" name="login" finished-at="2023-12-19T13:47:28 EST" duration-ms="7566" status="PASS">
          <reporter-output>
          </reporter-output>
        </test-method> <!-- login -->
        <test-method signature="addUser()[pri:0, instance:testCases.test1@4cbd03e7]" started-at="2023-12-19T13:47:28 EST" name="addUser" finished-at="2023-12-19T13:47:28 EST" duration-ms="6" status="PASS">
          <reporter-output>
          </reporter-output>
        </test-method> <!-- addUser -->
        <test-method is-config="true" signature="logOut()[pri:0, instance:testCases.test1@4cbd03e7]" started-at="2023-12-19T13:47:28 EST" name="logOut" finished-at="2023-12-19T13:47:29 EST" duration-ms="917" status="PASS">
          <reporter-output>
          </reporter-output>
        </test-method> <!-- logOut -->
        <test-method is-config="true" signature="login()[pri:0, instance:testCases.test1@4cbd03e7]" started-at="2023-12-19T13:47:29 EST" name="login" finished-at="2023-12-19T13:47:31 EST" duration-ms="1713" status="PASS">
          <reporter-output>
          </reporter-output>
        </test-method> <!-- login -->
        <test-method signature="test2()[pri:0, instance:testCases.test1@4cbd03e7]" started-at="2023-12-19T13:47:31 EST" name="test2" finished-at="2023-12-19T13:47:31 EST" duration-ms="2" status="PASS">
          <reporter-output>
          </reporter-output>
        </test-method> <!-- test2 -->
        <test-method is-config="true" signature="logOut()[pri:0, instance:testCases.test1@4cbd03e7]" started-at="2023-12-19T13:47:31 EST" name="logOut" finished-at="2023-12-19T13:47:31 EST" duration-ms="933" status="PASS">
          <reporter-output>
          </reporter-output>
        </test-method> <!-- logOut -->
      </class> <!-- testCases.test1 -->
    </test> <!-- Default test -->
  </suite> <!-- Default suite -->
</testng-results>
